[2016-10-18 10:31:12.775] [INFO] console - [VIEW_OWN_ORDERS] : View own orders
[2016-10-18 10:31:12.779] [INFO] console - [MAINTAIN_OWN_ORDERS] : Maintain own orders
[2016-10-18 10:31:12.780] [INFO] console - [VIEW_ALL_ORDERS] : View all orders
[2016-10-18 10:31:12.780] [INFO] console - [EDIT_PROFILE] : Edit Profile
[2016-10-18 10:31:12.780] [INFO] console - [USER_MANAGEMENT] : User Management
[2016-10-18 10:31:12.781] [INFO] console - [VIEW_OWN_NOTIFICATIONS] : View own notifications
[2016-10-18 10:31:12.781] [INFO] console - [VIEW_OWN_PERMISSION] : View own permissions
[2016-10-18 10:31:13.407] [INFO] console - Username : admin 1
[2016-10-18 10:31:13.408] [INFO] console - Group admin : [Admin] 2
[2016-10-18 10:31:13.409] [INFO] console - Username : demo 2
[2016-10-18 10:31:13.409] [INFO] console - Group demo : [User] 1
[2016-10-18 10:31:13.526] [INFO] console - Clean Up Cache done.
[2016-10-18 10:31:47.097] [INFO] console - Web server listening at: http://0.0.0.0:3000
[2016-10-18 10:31:47.099] [INFO] console - Browse your REST API at http://0.0.0.0:3000/explorer
[2016-10-18 11:33:20.498] [ERROR] console - ERROR : Redis key 'SECRET_KEYS:admin' is not set.
[2016-10-18 11:33:20.516] [INFO] console - milisec 604801
[2016-10-18 11:34:21.505] [INFO] console - Web server listening at: http://0.0.0.0:3000
[2016-10-18 11:34:21.507] [INFO] console - Browse your REST API at http://0.0.0.0:3000/explorer
[2016-10-18 11:35:16.479] [ERROR] console - ERROR [AppError]: Invalid Autorization Header !!!
[2016-10-18 11:35:44.096] [INFO] console - Signnature : CBDdZRjKC0e6WDeLF3GrqYq0bubanODqS7-xQAYbXB0
[2016-10-18 11:35:44.098] [INFO] console - secret : 1fcc5fa3d1a16007d4fecd9667fb3ac3
[2016-10-18 11:35:44.098] [INFO] console - username : admin
[2016-10-18 11:35:44.102] [INFO] console - secret : {"username":"admin","iat":1476765200,"exp":1477370000}
[2016-10-18 11:35:44.104] [ERROR] console - ERROR : Redis key 'USERINFO:admin' is not set.
[2016-10-18 11:35:44.183] [INFO] console - collectUserPermissionFormDB Setup user
[2016-10-18 11:35:44.187] [INFO] console - JSON {"username":"admin","email":"admin@example.com","password":"0a6395fd55f0fda9240a27d4ae597379","firstName":"Administrator","lastName":null,"birthday":null,"isActivated":true,"id":1,"groups":[{"name":"Admin","description":null,"created_on":"2016-10-18T03:31:13.000Z","updated_on":"2016-10-18T03:31:13.000Z","id":2,"permissions":[{"name":"User Management","key":"USER_MANAGEMENT","description":null,"created_on":"2016-10-18T03:31:12.000Z","updated_on":"2016-10-18T03:31:12.000Z","id":1},{"name":"View all orders","key":"VIEW_ALL_ORDERS","description":null,"created_on":"2016-10-18T03:31:12.000Z","updated_on":"2016-10-18T03:31:12.000Z","id":4},{"name":"View own notifications","key":"VIEW_OWN_NOTIFICATIONS","description":null,"created_on":"2016-10-18T03:31:12.000Z","updated_on":"2016-10-18T03:31:12.000Z","id":5},{"name":"View own permissions","key":"VIEW_OWN_PERMISSION","description":null,"created_on":"2016-10-18T03:31:12.000Z","updated_on":"2016-10-18T03:31:12.000Z","id":6},{"name":"Edit Profile","key":"EDIT_PROFILE","description":null,"created_on":"2016-10-18T03:31:12.000Z","updated_on":"2016-10-18T03:31:12.000Z","id":7}]}]}
[2016-10-18 11:35:44.190] [INFO] console - PATH /api/authenticate
[2016-10-18 11:35:44.190] [INFO] console - METHOD GET
[2016-10-18 11:35:44.190] [INFO] console - route : /api/profile
[2016-10-18 11:35:44.193] [INFO] console - route : /api/users
[2016-10-18 11:35:44.193] [INFO] console - route : /api/users/:id
[2016-10-18 11:35:44.195] [INFO] console - route : /api/orders
[2016-10-18 11:35:44.195] [INFO] console - route : /api/orders/:id
[2016-10-18 11:35:53.920] [INFO] console - Signnature : CBDdZRjKC0e6WDeLF3GrqYq0bubanODqS7-xQAYbXB0
[2016-10-18 11:35:53.921] [INFO] console - secret : 1fcc5fa3d1a16007d4fecd9667fb3ac3
[2016-10-18 11:35:53.922] [INFO] console - username : admin
[2016-10-18 11:35:53.923] [INFO] console - secret : {"username":"admin","iat":1476765200,"exp":1477370000}
[2016-10-18 11:35:53.925] [INFO] console - PATH /api/permissions
[2016-10-18 11:35:53.925] [INFO] console - METHOD GET
[2016-10-18 11:35:53.926] [INFO] console - route : /api/profile
[2016-10-18 11:35:53.926] [INFO] console - route : /api/users
[2016-10-18 11:35:53.927] [INFO] console - route : /api/users/:id
[2016-10-18 11:35:53.929] [INFO] console - route : /api/orders
[2016-10-18 11:35:53.929] [INFO] console - route : /api/orders/:id
[2016-10-18 11:37:03.893] [INFO] console - Signnature : CBDdZRjKC0e6WDeLF3GrqYq0bubanODqS7-xQAYbXB0
[2016-10-18 11:37:03.894] [INFO] console - secret : 1fcc5fa3d1a16007d4fecd9667fb3ac3
[2016-10-18 11:37:03.895] [INFO] console - username : admin
[2016-10-18 11:37:03.896] [INFO] console - secret : {"username":"admin","iat":1476765200,"exp":1477370000}
[2016-10-18 11:37:03.897] [INFO] console - PATH /api/permissions
[2016-10-18 11:37:03.898] [INFO] console - METHOD GET
[2016-10-18 11:37:03.899] [INFO] console - route : /api/profile
[2016-10-18 11:37:03.901] [INFO] console - route : /api/users
[2016-10-18 11:37:03.902] [INFO] console - route : /api/users/:id
[2016-10-18 11:37:03.903] [INFO] console - route : /api/orders
[2016-10-18 11:37:03.905] [INFO] console - route : /api/orders/:id
[2016-10-18 11:37:42.629] [INFO] console - Web server listening at: http://0.0.0.0:3000
[2016-10-18 11:37:42.631] [INFO] console - Browse your REST API at http://0.0.0.0:3000/explorer
[2016-10-18 11:37:45.317] [INFO] console - Signnature : CBDdZRjKC0e6WDeLF3GrqYq0bubanODqS7-xQAYbXB0
[2016-10-18 11:37:45.319] [INFO] console - secret : 1fcc5fa3d1a16007d4fecd9667fb3ac3
[2016-10-18 11:37:45.319] [INFO] console - username : admin
[2016-10-18 11:37:45.322] [INFO] console - secret : {"username":"admin","iat":1476765200,"exp":1477370000}
[2016-10-18 11:37:45.325] [INFO] console - PATH /api/permissions
[2016-10-18 11:37:45.325] [INFO] console - METHOD GET
[2016-10-18 11:37:45.326] [INFO] console - route : /api/profile
[2016-10-18 11:37:45.328] [INFO] console - route : /api/users
[2016-10-18 11:37:45.329] [INFO] console - route : /api/users/:id
[2016-10-18 11:37:45.330] [INFO] console - route : /api/orders
[2016-10-18 11:37:45.331] [INFO] console - route : /api/orders/:id
[2016-10-18 11:42:05.221] [INFO] console - Web server listening at: http://0.0.0.0:3000
[2016-10-18 11:42:05.223] [INFO] console - Browse your REST API at http://0.0.0.0:3000/explorer
[2016-10-18 11:42:08.564] [INFO] console - Signnature : CBDdZRjKC0e6WDeLF3GrqYq0bubanODqS7-xQAYbXB0
[2016-10-18 11:42:08.566] [INFO] console - secret : 1fcc5fa3d1a16007d4fecd9667fb3ac3
[2016-10-18 11:42:08.566] [INFO] console - username : admin
[2016-10-18 11:42:08.571] [INFO] console - secret : {"username":"admin","iat":1476765200,"exp":1477370000}
[2016-10-18 11:42:08.574] [INFO] console - PATH /api/permissions
[2016-10-18 11:42:08.574] [INFO] console - METHOD GET
[2016-10-18 11:42:08.575] [INFO] console - route : /api/profile
[2016-10-18 11:42:08.579] [INFO] console - route : /api/users
[2016-10-18 11:42:08.580] [INFO] console - route : /api/users/:id
[2016-10-18 11:42:08.580] [INFO] console - route : /api/orders
[2016-10-18 11:42:08.581] [INFO] console - route : /api/orders/:id
[2016-10-18 11:45:09.828] [INFO] console - Web server listening at: http://0.0.0.0:3000
[2016-10-18 11:45:09.831] [INFO] console - Browse your REST API at http://0.0.0.0:3000/explorer
[2016-10-18 11:45:15.882] [INFO] console - Signnature : CBDdZRjKC0e6WDeLF3GrqYq0bubanODqS7-xQAYbXB0
[2016-10-18 11:45:15.884] [INFO] console - secret : 1fcc5fa3d1a16007d4fecd9667fb3ac3
[2016-10-18 11:45:15.884] [INFO] console - username : admin
[2016-10-18 11:45:15.889] [INFO] console - secret : {"username":"admin","iat":1476765200,"exp":1477370000}
[2016-10-18 11:45:15.892] [INFO] console - PATH /api/permissions
[2016-10-18 11:45:15.892] [INFO] console - METHOD GET
[2016-10-18 11:45:15.893] [INFO] console - route : /api/profile
[2016-10-18 11:45:15.897] [INFO] console - route : /api/users
[2016-10-18 11:45:15.897] [INFO] console - route : /api/users/:id
[2016-10-18 11:45:15.899] [INFO] console - route : /api/orders
[2016-10-18 11:45:15.899] [INFO] console - route : /api/orders/:id
[2016-10-18 11:46:08.950] [INFO] console - Web server listening at: http://0.0.0.0:3000
[2016-10-18 11:46:08.952] [INFO] console - Browse your REST API at http://0.0.0.0:3000/explorer
[2016-10-18 11:46:12.455] [INFO] console - Signnature : CBDdZRjKC0e6WDeLF3GrqYq0bubanODqS7-xQAYbXB0
[2016-10-18 11:46:12.457] [INFO] console - secret : 1fcc5fa3d1a16007d4fecd9667fb3ac3
[2016-10-18 11:46:12.457] [INFO] console - username : admin
[2016-10-18 11:46:12.461] [INFO] console - secret : {"username":"admin","iat":1476765200,"exp":1477370000}
[2016-10-18 11:46:12.463] [INFO] console - PATH /api/permissions
[2016-10-18 11:46:12.464] [INFO] console - METHOD GET
[2016-10-18 11:46:12.464] [INFO] console - route : /api/profile
[2016-10-18 11:46:12.467] [INFO] console - route : /api/users
[2016-10-18 11:46:12.467] [INFO] console - route : /api/users/:id
[2016-10-18 11:46:12.468] [INFO] console - route : /api/orders
[2016-10-18 11:46:12.468] [INFO] console - route : /api/orders/:id
[2016-10-18 11:46:53.896] [INFO] console - Signnature : CBDdZRjKC0e6WDeLF3GrqYq0bubanODqS7-xQAYbXB0
[2016-10-18 11:46:53.897] [INFO] console - secret : 1fcc5fa3d1a16007d4fecd9667fb3ac3
[2016-10-18 11:46:53.898] [INFO] console - username : admin
[2016-10-18 11:46:53.899] [INFO] console - secret : {"username":"admin","iat":1476765200,"exp":1477370000}
[2016-10-18 11:46:53.901] [INFO] console - PATH /api/permissions
[2016-10-18 11:46:53.901] [INFO] console - METHOD GET
[2016-10-18 11:46:53.902] [INFO] console - route : /api/profile
[2016-10-18 11:46:53.902] [INFO] console - route : /api/users
[2016-10-18 11:46:53.903] [INFO] console - route : /api/users/:id
[2016-10-18 11:46:53.905] [INFO] console - route : /api/orders
[2016-10-18 11:46:53.906] [INFO] console - route : /api/orders/:id
[2016-10-18 11:46:58.939] [INFO] console - Signnature : CBDdZRjKC0e6WDeLF3GrqYq0bubanODqS7-xQAYbXB0
[2016-10-18 11:46:58.940] [INFO] console - secret : 1fcc5fa3d1a16007d4fecd9667fb3ac3
[2016-10-18 11:46:58.941] [INFO] console - username : admin
[2016-10-18 11:46:58.941] [INFO] console - secret : {"username":"admin","iat":1476765200,"exp":1477370000}
[2016-10-18 11:46:58.943] [INFO] console - PATH /api/permissions
[2016-10-18 11:46:58.943] [INFO] console - METHOD GET
[2016-10-18 11:46:58.943] [INFO] console - route : /api/profile
[2016-10-18 11:46:58.944] [INFO] console - route : /api/users
[2016-10-18 11:46:58.945] [INFO] console - route : /api/users/:id
[2016-10-18 11:46:58.947] [INFO] console - route : /api/orders
[2016-10-18 11:46:58.947] [INFO] console - route : /api/orders/:id
[2016-10-18 11:47:00.223] [INFO] console - Signnature : CBDdZRjKC0e6WDeLF3GrqYq0bubanODqS7-xQAYbXB0
[2016-10-18 11:47:00.224] [INFO] console - secret : 1fcc5fa3d1a16007d4fecd9667fb3ac3
[2016-10-18 11:47:00.224] [INFO] console - username : admin
[2016-10-18 11:47:00.225] [INFO] console - secret : {"username":"admin","iat":1476765200,"exp":1477370000}
[2016-10-18 11:47:00.230] [INFO] console - PATH /api/permissions
[2016-10-18 11:47:00.231] [INFO] console - METHOD GET
[2016-10-18 11:47:00.231] [INFO] console - route : /api/profile
[2016-10-18 11:47:00.232] [INFO] console - route : /api/users
[2016-10-18 11:47:00.234] [INFO] console - route : /api/users/:id
[2016-10-18 11:47:00.235] [INFO] console - route : /api/orders
[2016-10-18 11:47:00.238] [INFO] console - route : /api/orders/:id
[2016-10-18 11:47:01.105] [INFO] console - Signnature : CBDdZRjKC0e6WDeLF3GrqYq0bubanODqS7-xQAYbXB0
[2016-10-18 11:47:01.106] [INFO] console - secret : 1fcc5fa3d1a16007d4fecd9667fb3ac3
[2016-10-18 11:47:01.106] [INFO] console - username : admin
[2016-10-18 11:47:01.107] [INFO] console - secret : {"username":"admin","iat":1476765200,"exp":1477370000}
[2016-10-18 11:47:01.107] [INFO] console - PATH /api/permissions
[2016-10-18 11:47:01.107] [INFO] console - METHOD GET
[2016-10-18 11:47:01.108] [INFO] console - route : /api/profile
[2016-10-18 11:47:01.108] [INFO] console - route : /api/users
[2016-10-18 11:47:01.108] [INFO] console - route : /api/users/:id
[2016-10-18 11:47:01.109] [INFO] console - route : /api/orders
[2016-10-18 11:47:01.109] [INFO] console - route : /api/orders/:id
[2016-10-18 11:47:08.904] [INFO] console - Signnature : CBDdZRjKC0e6WDeLF3GrqYq0bubanODqS7-xQAYbXB0
[2016-10-18 11:47:08.905] [INFO] console - secret : 1fcc5fa3d1a16007d4fecd9667fb3ac3
[2016-10-18 11:47:08.906] [INFO] console - username : admin
[2016-10-18 11:47:08.907] [INFO] console - secret : {"username":"admin","iat":1476765200,"exp":1477370000}
[2016-10-18 11:47:08.908] [INFO] console - PATH /api/permissions
[2016-10-18 11:47:08.909] [INFO] console - METHOD GET
[2016-10-18 11:47:08.909] [INFO] console - route : /api/profile
[2016-10-18 11:47:08.910] [INFO] console - route : /api/users
[2016-10-18 11:47:08.910] [INFO] console - route : /api/users/:id
[2016-10-18 11:47:08.912] [INFO] console - route : /api/orders
[2016-10-18 11:47:08.912] [INFO] console - route : /api/orders/:id
[2016-10-18 11:56:58.233] [INFO] console - Web server listening at: http://0.0.0.0:3000
[2016-10-18 11:56:58.235] [INFO] console - Browse your REST API at http://0.0.0.0:3000/explorer
[2016-10-18 11:57:01.396] [INFO] console - Signnature : CBDdZRjKC0e6WDeLF3GrqYq0bubanODqS7-xQAYbXB0
[2016-10-18 11:57:01.398] [INFO] console - secret : 1fcc5fa3d1a16007d4fecd9667fb3ac3
[2016-10-18 11:57:01.398] [INFO] console - username : admin
[2016-10-18 11:57:01.402] [INFO] console - secret : {"username":"admin","iat":1476765200,"exp":1477370000}
[2016-10-18 11:57:01.404] [INFO] console - PATH /api/permissions
[2016-10-18 11:57:01.404] [INFO] console - METHOD GET
[2016-10-18 11:57:01.405] [INFO] console - route : /api/profile
[2016-10-18 11:57:01.408] [INFO] console - route : /api/users
[2016-10-18 11:57:01.409] [INFO] console - route : /api/users/:id
[2016-10-18 11:57:01.410] [INFO] console - route : /api/orders
[2016-10-18 11:57:01.410] [INFO] console - route : /api/orders/:id
[2016-10-18 11:57:01.411] [INFO] console - route : /api/permissions
[2016-10-18 12:44:11.196] [INFO] console - Web server listening at: http://0.0.0.0:3000
[2016-10-18 12:44:11.198] [INFO] console - Browse your REST API at http://0.0.0.0:3000/explorer
[2016-10-18 12:44:16.012] [INFO] console - Signnature : CBDdZRjKC0e6WDeLF3GrqYq0bubanODqS7-xQAYbXB0
[2016-10-18 12:44:16.014] [INFO] console - secret : 1fcc5fa3d1a16007d4fecd9667fb3ac3
[2016-10-18 12:44:16.014] [INFO] console - username : admin
[2016-10-18 12:44:16.018] [INFO] console - secret : {"username":"admin","iat":1476765200,"exp":1477370000}
[2016-10-18 12:44:16.020] [INFO] console - PATH /api/permissions
[2016-10-18 12:44:16.020] [INFO] console - METHOD GET
[2016-10-18 12:44:16.020] [INFO] console - route : /api/profile
[2016-10-18 12:44:16.023] [INFO] console - url pattern:  { isRegex: false,
  ast: [ { tag: 'static', value: '/api/profile' } ],
  regex: /^\/api\/profile$/,
  names: [] }
[2016-10-18 12:44:16.039] [INFO] console - route : /api/users
[2016-10-18 12:44:16.040] [INFO] console - url pattern:  { isRegex: false,
  ast: [ { tag: 'static', value: '/api/users' } ],
  regex: /^\/api\/users$/,
  names: [] }
[2016-10-18 12:44:16.041] [INFO] console - route : /api/users/:id
[2016-10-18 12:44:16.042] [INFO] console - url pattern:  { isRegex: false,
  ast: 
   [ { tag: 'static', value: '/api/users/' },
     { tag: 'named', value: 'id' } ],
  regex: /^\/api\/users\/([a-zA-Z0-9-_~ %]+)$/,
  names: [ 'id' ] }
[2016-10-18 12:44:16.043] [INFO] console - route : /api/orders
[2016-10-18 12:44:16.044] [INFO] console - url pattern:  { isRegex: false,
  ast: [ { tag: 'static', value: '/api/orders' } ],
  regex: /^\/api\/orders$/,
  names: [] }
[2016-10-18 12:44:16.045] [INFO] console - route : /api/orders/:id
[2016-10-18 12:44:16.046] [INFO] console - url pattern:  { isRegex: false,
  ast: 
   [ { tag: 'static', value: '/api/orders/' },
     { tag: 'named', value: 'id' } ],
  regex: /^\/api\/orders\/([a-zA-Z0-9-_~ %]+)$/,
  names: [ 'id' ] }
[2016-10-18 12:44:16.047] [INFO] console - route : /api/permissions
[2016-10-18 12:44:16.047] [INFO] console - url pattern:  { isRegex: false,
  ast: [ { tag: 'static', value: '/api/permissions' } ],
  regex: /^\/api\/permissions$/,
  names: [] }
[2016-10-18 12:48:21.574] [INFO] console - Web server listening at: http://0.0.0.0:3000
[2016-10-18 12:48:21.576] [INFO] console - Browse your REST API at http://0.0.0.0:3000/explorer
[2016-10-18 12:48:24.242] [INFO] console - Signnature : CBDdZRjKC0e6WDeLF3GrqYq0bubanODqS7-xQAYbXB0
[2016-10-18 12:48:24.243] [INFO] console - secret : 1fcc5fa3d1a16007d4fecd9667fb3ac3
[2016-10-18 12:48:24.244] [INFO] console - username : admin
[2016-10-18 12:48:24.247] [INFO] console - secret : {"username":"admin","iat":1476765200,"exp":1477370000}
[2016-10-18 12:48:24.249] [INFO] console - PATH /api/permissions
[2016-10-18 12:48:24.250] [INFO] console - METHOD GET
[2016-10-18 12:48:24.250] [INFO] console - route : /api/profile
[2016-10-18 12:48:24.253] [INFO] console - url pattern:  { isRegex: false,
  ast: [ { tag: 'static', value: '/api/profile' } ],
  regex: /^\/api\/profile$/,
  names: [] }
[2016-10-18 12:48:24.270] [INFO] console - route : /api/users
[2016-10-18 12:48:24.271] [INFO] console - url pattern:  { isRegex: false,
  ast: [ { tag: 'static', value: '/api/users' } ],
  regex: /^\/api\/users$/,
  names: [] }
[2016-10-18 12:48:24.272] [INFO] console - route : /api/users/:id
[2016-10-18 12:48:24.273] [INFO] console - url pattern:  { isRegex: false,
  ast: 
   [ { tag: 'static', value: '/api/users/' },
     { tag: 'named', value: 'id' } ],
  regex: /^\/api\/users\/([a-zA-Z0-9-_~ %]+)$/,
  names: [ 'id' ] }
[2016-10-18 12:48:24.274] [INFO] console - route : /api/orders
[2016-10-18 12:48:24.275] [INFO] console - url pattern:  { isRegex: false,
  ast: [ { tag: 'static', value: '/api/orders' } ],
  regex: /^\/api\/orders$/,
  names: [] }
[2016-10-18 12:48:24.277] [INFO] console - route : /api/orders/:id
[2016-10-18 12:48:24.278] [INFO] console - url pattern:  { isRegex: false,
  ast: 
   [ { tag: 'static', value: '/api/orders/' },
     { tag: 'named', value: 'id' } ],
  regex: /^\/api\/orders\/([a-zA-Z0-9-_~ %]+)$/,
  names: [ 'id' ] }
[2016-10-18 12:48:24.278] [INFO] console - route : /api/permissions
[2016-10-18 12:48:24.279] [INFO] console - url pattern:  { isRegex: false,
  ast: [ { tag: 'static', value: '/api/permissions' } ],
  regex: /^\/api\/permissions$/,
  names: [] }
[2016-10-18 12:50:55.160] [INFO] console - Web server listening at: http://0.0.0.0:3000
[2016-10-18 12:50:55.162] [INFO] console - Browse your REST API at http://0.0.0.0:3000/explorer
[2016-10-18 12:50:56.973] [INFO] console - Signnature : CBDdZRjKC0e6WDeLF3GrqYq0bubanODqS7-xQAYbXB0
[2016-10-18 12:50:56.975] [INFO] console - secret : 1fcc5fa3d1a16007d4fecd9667fb3ac3
[2016-10-18 12:50:56.975] [INFO] console - username : admin
[2016-10-18 12:50:56.978] [INFO] console - secret : {"username":"admin","iat":1476765200,"exp":1477370000}
[2016-10-18 12:50:56.980] [INFO] console - PATH /api/permissions
[2016-10-18 12:50:56.981] [INFO] console - METHOD GET
[2016-10-18 12:50:56.981] [INFO] console - route : /api/profile
[2016-10-18 12:50:56.984] [INFO] console - url pattern:  { isRegex: false,
  ast: [ { tag: 'static', value: '/api/profile' } ],
  regex: /^\/api\/profile$/,
  names: [] }
[2016-10-18 12:50:57.000] [INFO] console - route : /api/users
[2016-10-18 12:50:57.001] [INFO] console - url pattern:  { isRegex: false,
  ast: [ { tag: 'static', value: '/api/users' } ],
  regex: /^\/api\/users$/,
  names: [] }
[2016-10-18 12:50:57.002] [INFO] console - route : /api/users/:id
[2016-10-18 12:50:57.003] [INFO] console - url pattern:  { isRegex: false,
  ast: 
   [ { tag: 'static', value: '/api/users/' },
     { tag: 'named', value: 'id' } ],
  regex: /^\/api\/users\/([a-zA-Z0-9-_~ %]+)$/,
  names: [ 'id' ] }
[2016-10-18 12:50:57.004] [INFO] console - route : /api/orders
[2016-10-18 12:50:57.005] [INFO] console - url pattern:  { isRegex: false,
  ast: [ { tag: 'static', value: '/api/orders' } ],
  regex: /^\/api\/orders$/,
  names: [] }
[2016-10-18 12:50:57.006] [INFO] console - route : /api/orders/:id
[2016-10-18 12:50:57.006] [INFO] console - url pattern:  { isRegex: false,
  ast: 
   [ { tag: 'static', value: '/api/orders/' },
     { tag: 'named', value: 'id' } ],
  regex: /^\/api\/orders\/([a-zA-Z0-9-_~ %]+)$/,
  names: [ 'id' ] }
[2016-10-18 12:50:57.007] [INFO] console - route : /api/permissions
[2016-10-18 12:50:57.007] [INFO] console - url pattern:  { isRegex: false,
  ast: [ { tag: 'static', value: '/api/permissions' } ],
  regex: /^\/api\/permissions$/,
  names: [] }
[2016-10-18 12:50:57.030] [ERROR] console - ReferenceError: permissions is not defined
    at /home/dqlgnoleht/Working/Projects/Thanh-CurrencySwap/src/server/controllers/permissions.js:12:81
    at Layer.handle [as handle_request] (/home/dqlgnoleht/Working/Projects/Thanh-CurrencySwap/src/node_modules/express/lib/router/layer.js:95:5)
    at next (/home/dqlgnoleht/Working/Projects/Thanh-CurrencySwap/src/node_modules/express/lib/router/route.js:131:13)
    at Route.dispatch (/home/dqlgnoleht/Working/Projects/Thanh-CurrencySwap/src/node_modules/express/lib/router/route.js:112:3)
    at Layer.handle [as handle_request] (/home/dqlgnoleht/Working/Projects/Thanh-CurrencySwap/src/node_modules/express/lib/router/layer.js:95:5)
    at /home/dqlgnoleht/Working/Projects/Thanh-CurrencySwap/src/node_modules/express/lib/router/index.js:277:22
    at Function.process_params (/home/dqlgnoleht/Working/Projects/Thanh-CurrencySwap/src/node_modules/express/lib/router/index.js:330:12)
    at next (/home/dqlgnoleht/Working/Projects/Thanh-CurrencySwap/src/node_modules/express/lib/router/index.js:271:10)
    at Function.handle (/home/dqlgnoleht/Working/Projects/Thanh-CurrencySwap/src/node_modules/express/lib/router/index.js:176:3)
    at router (/home/dqlgnoleht/Working/Projects/Thanh-CurrencySwap/src/node_modules/express/lib/router/index.js:46:12)
[2016-10-18 12:51:56.111] [INFO] console - Web server listening at: http://0.0.0.0:3000
[2016-10-18 12:51:56.113] [INFO] console - Browse your REST API at http://0.0.0.0:3000/explorer
[2016-10-18 12:51:59.021] [INFO] console - Signnature : CBDdZRjKC0e6WDeLF3GrqYq0bubanODqS7-xQAYbXB0
[2016-10-18 12:51:59.023] [INFO] console - secret : 1fcc5fa3d1a16007d4fecd9667fb3ac3
[2016-10-18 12:51:59.024] [INFO] console - username : admin
[2016-10-18 12:51:59.027] [INFO] console - secret : {"username":"admin","iat":1476765200,"exp":1477370000}
[2016-10-18 12:51:59.030] [INFO] console - PATH /api/permissions
[2016-10-18 12:51:59.030] [INFO] console - METHOD GET
[2016-10-18 12:51:59.030] [INFO] console - route : /api/profile
[2016-10-18 12:51:59.034] [INFO] console - url pattern:  { isRegex: false,
  ast: [ { tag: 'static', value: '/api/profile' } ],
  regex: /^\/api\/profile$/,
  names: [] }
[2016-10-18 12:51:59.052] [INFO] console - route : /api/users
[2016-10-18 12:51:59.053] [INFO] console - url pattern:  { isRegex: false,
  ast: [ { tag: 'static', value: '/api/users' } ],
  regex: /^\/api\/users$/,
  names: [] }
[2016-10-18 12:51:59.054] [INFO] console - route : /api/users/:id
[2016-10-18 12:51:59.055] [INFO] console - url pattern:  { isRegex: false,
  ast: 
   [ { tag: 'static', value: '/api/users/' },
     { tag: 'named', value: 'id' } ],
  regex: /^\/api\/users\/([a-zA-Z0-9-_~ %]+)$/,
  names: [ 'id' ] }
[2016-10-18 12:51:59.056] [INFO] console - route : /api/orders
[2016-10-18 12:51:59.057] [INFO] console - url pattern:  { isRegex: false,
  ast: [ { tag: 'static', value: '/api/orders' } ],
  regex: /^\/api\/orders$/,
  names: [] }
[2016-10-18 12:51:59.058] [INFO] console - route : /api/orders/:id
[2016-10-18 12:51:59.059] [INFO] console - url pattern:  { isRegex: false,
  ast: 
   [ { tag: 'static', value: '/api/orders/' },
     { tag: 'named', value: 'id' } ],
  regex: /^\/api\/orders\/([a-zA-Z0-9-_~ %]+)$/,
  names: [ 'id' ] }
[2016-10-18 12:51:59.060] [INFO] console - route : /api/permissions
[2016-10-18 12:51:59.060] [INFO] console - url pattern:  { isRegex: false,
  ast: [ { tag: 'static', value: '/api/permissions' } ],
  regex: /^\/api\/permissions$/,
  names: [] }
[2016-10-18 12:51:59.063] [INFO] console - current user permissions:  [ 'User Management',
  'View all orders',
  'View own notifications',
  'View own permissions',
  'Edit Profile' ]
[2016-10-18 12:51:59.063] [INFO] console - current user id: 1
[2016-10-18 12:51:59.063] [INFO] console - current user status:  true
[2016-10-18 13:20:24.199] [INFO] console - [VIEW_OWN_ORDERS] : View own orders
[2016-10-18 13:20:24.202] [INFO] console - [MAINTAIN_OWN_ORDERS] : Maintain own orders
[2016-10-18 13:20:24.203] [INFO] console - [VIEW_ALL_ORDERS] : View all orders
[2016-10-18 13:20:24.203] [INFO] console - [EDIT_PROFILE] : Edit Profile
[2016-10-18 13:20:24.203] [INFO] console - [USER_MANAGEMENT] : User Management
[2016-10-18 13:20:24.203] [INFO] console - [VIEW_OWN_NOTIFICATIONS] : View own notifications
[2016-10-18 13:20:24.204] [INFO] console - [VIEW_OWN_PERMISSION] : View own permissions
[2016-10-18 13:20:24.810] [INFO] console - Username : admin 1
[2016-10-18 13:20:24.811] [INFO] console - Group admin : [Admin] 1
[2016-10-18 13:20:24.812] [INFO] console - Username : demo 2
[2016-10-18 13:20:24.812] [INFO] console - Group demo : [User] 2
[2016-10-18 13:20:25.004] [INFO] console - Clean Up Cache done.
[2016-10-18 13:20:34.946] [INFO] console - Web server listening at: http://0.0.0.0:3000
[2016-10-18 13:20:34.948] [INFO] console - Browse your REST API at http://0.0.0.0:3000/explorer
[2016-10-18 13:23:35.433] [INFO] console - Web server listening at: http://0.0.0.0:3000
[2016-10-18 13:23:35.435] [INFO] console - Browse your REST API at http://0.0.0.0:3000/explorer
[2016-10-18 13:23:38.648] [INFO] console - Signnature : CBDdZRjKC0e6WDeLF3GrqYq0bubanODqS7-xQAYbXB0
[2016-10-18 13:23:38.650] [ERROR] console - ERROR : Redis key 'SIGNATURES:CBDdZRjKC0e6WDeLF3GrqYq0bubanODqS7-xQAYbXB0' is not set.
[2016-10-18 13:23:38.651] [ERROR] console - ERROR [AppError]: Invalid token key !!!
[2016-10-18 13:24:38.037] [ERROR] console - ERROR : Redis key 'SECRET_KEYS:admin' is not set.
[2016-10-18 13:24:38.048] [INFO] console - milisec 604801
[2016-10-18 13:25:23.730] [INFO] console - Signnature : PkegPsKSAMgSUebh6bcynHAOK7WPx94CuS1r45xRveI
[2016-10-18 13:25:23.730] [INFO] console - secret : 4078addc18adaa03160d565ca8057411
[2016-10-18 13:25:23.731] [INFO] console - username : admin
[2016-10-18 13:25:23.735] [INFO] console - secret : {"username":"admin","iat":1476771878,"exp":1477376678}
[2016-10-18 13:25:23.737] [ERROR] console - ERROR : Redis key 'USERINFO:admin' is not set.
[2016-10-18 13:25:23.766] [INFO] console - collectUserPermissionFormDB Setup user
[2016-10-18 13:25:23.771] [INFO] console - JSON {"username":"admin","email":"admin@example.com","password":"0a6395fd55f0fda9240a27d4ae597379","firstName":"Administrator","lastName":null,"birthday":null,"isActivated":true,"id":1,"groups":[{"name":"Admin","description":null,"created_on":"2016-10-18T06:20:24.000Z","updated_on":"2016-10-18T06:20:24.000Z","id":1,"permissions":[{"name":"Edit Profile","key":"EDIT_PROFILE","description":null,"created_on":"2016-10-18T06:20:24.000Z","updated_on":"2016-10-18T06:20:24.000Z","id":1},{"name":"View own notifications","key":"VIEW_OWN_NOTIFICATIONS","description":null,"created_on":"2016-10-18T06:20:24.000Z","updated_on":"2016-10-18T06:20:24.000Z","id":2},{"name":"User Management","key":"USER_MANAGEMENT","description":null,"created_on":"2016-10-18T06:20:24.000Z","updated_on":"2016-10-18T06:20:24.000Z","id":3},{"name":"View own permissions","key":"VIEW_OWN_PERMISSION","description":null,"created_on":"2016-10-18T06:20:24.000Z","updated_on":"2016-10-18T06:20:24.000Z","id":4},{"name":"View all orders","key":"VIEW_ALL_ORDERS","description":null,"created_on":"2016-10-18T06:20:24.000Z","updated_on":"2016-10-18T06:20:24.000Z","id":5}]}]}
[2016-10-18 13:25:23.773] [INFO] console - PERMISSION {"EDIT_PROFILE":"Edit Profile","VIEW_OWN_NOTIFICATIONS":"View own notifications","USER_MANAGEMENT":"User Management","VIEW_OWN_PERMISSION":"View own permissions","VIEW_ALL_ORDERS":"View all orders"}
[2016-10-18 13:25:23.773] [INFO] console - PATH /api/permissions
[2016-10-18 13:25:23.773] [INFO] console - METHOD GET
[2016-10-18 13:25:23.774] [INFO] console - route : /api/profile
[2016-10-18 13:25:23.777] [INFO] console - route : /api/users
[2016-10-18 13:25:23.777] [INFO] console - route : /api/users/:id
[2016-10-18 13:25:23.778] [INFO] console - route : /api/orders
[2016-10-18 13:25:23.778] [INFO] console - route : /api/orders/:id
[2016-10-18 13:25:23.779] [INFO] console - route : /api/permissions
[2016-10-18 13:25:23.781] [INFO] console - request.currentUser.permissions:  { EDIT_PROFILE: 'Edit Profile',
  VIEW_OWN_NOTIFICATIONS: 'View own notifications',
  USER_MANAGEMENT: 'User Management',
  VIEW_OWN_PERMISSION: 'View own permissions',
  VIEW_ALL_ORDERS: 'View all orders' }
[2016-10-18 13:25:23.798] [INFO] console - request.currentUser.id:  1
[2016-10-18 13:25:23.798] [INFO] console - request.currentUser.isActivated:  true
[2016-10-18 13:33:17.532] [INFO] console - Web server listening at: http://0.0.0.0:3000
[2016-10-18 13:33:17.534] [INFO] console - Browse your REST API at http://0.0.0.0:3000/explorer
[2016-10-18 13:33:21.163] [INFO] console - Signnature : PkegPsKSAMgSUebh6bcynHAOK7WPx94CuS1r45xRveI
[2016-10-18 13:33:21.165] [INFO] console - secret : 4078addc18adaa03160d565ca8057411
[2016-10-18 13:33:21.166] [INFO] console - username : admin
[2016-10-18 13:33:21.169] [INFO] console - secret : {"username":"admin","iat":1476771878,"exp":1477376678}
[2016-10-18 13:33:21.171] [INFO] console - PERMISSION {"EDIT_PROFILE":"Edit Profile","VIEW_OWN_NOTIFICATIONS":"View own notifications","USER_MANAGEMENT":"User Management","VIEW_OWN_PERMISSION":"View own permissions","VIEW_ALL_ORDERS":"View all orders"}
[2016-10-18 13:33:21.172] [INFO] console - PATH /api/permissions
[2016-10-18 13:33:21.172] [INFO] console - METHOD GET
[2016-10-18 13:33:21.173] [INFO] console - route : /api/profile
[2016-10-18 13:33:21.176] [INFO] console - route : /api/users
[2016-10-18 13:33:21.176] [INFO] console - route : /api/users/:id
[2016-10-18 13:33:21.177] [INFO] console - route : /api/orders
[2016-10-18 13:33:21.178] [INFO] console - route : /api/orders/:id
[2016-10-18 13:33:21.178] [INFO] console - route : /api/permissions
